<?xml version="1.0" encoding="UTF-8"?>
<!-- Generated by org.testng.reporters.JUnitReportReporter -->
<testsuite skipped="0" hostname="USER-PC" name="testcases.TC001_Login" tests="1" failures="0" timestamp="27 Aug 2018 06:41:16 GMT" time="9.541" errors="0">
  <testcase name="login" time="9.541" classname="testcases.TC001_Login"/>
</testsuite> <!-- testcases.TC001_Login -->
